<?xml version="1.0" encoding="UTF-8" ?>
<testsuite tests="3" failures="2" name="TestSuite" time="1.491" errors="0" skipped="1">
  <properties>
[...]
</properties>
  <testcase classname="wikipedia.Framework.BaseTest" name="LaunchApp" time="0.46">
    <failure message="The path to the driver executable must be set by the webdriver.chrome.driver system property; for more information, see https://github.com/SeleniumHQ/selenium/wiki/ChromeDriver. The latest version can be downloaded from http://chromedriver.storage.googleapis.com/index.html" type="java.lang.IllegalStateException">java.lang.IllegalStateException: The path to the driver executable must be set by the webdriver.chrome.driver system property; for more information, see https://github.com/SeleniumHQ/selenium/wiki/ChromeDriver. The latest version can be downloaded from http://chromedriver.storage.googleapis.com/index.html
	at com.google.common.base.Preconditions.checkState(Preconditions.java:754)
	at org.openqa.selenium.remote.service.DriverService.findExecutable(DriverService.java:124)
	at org.openqa.selenium.chrome.ChromeDriverService.access$000(ChromeDriverService.java:32)
	at org.openqa.selenium.chrome.ChromeDriverService$Builder.findDefaultExecutable(ChromeDriverService.java:137)
	at org.openqa.selenium.remote.service.DriverService$Builder.build(DriverService.java:339)
	at org.openqa.selenium.chrome.ChromeDriverService.createDefaultService(ChromeDriverService.java:88)
	at org.openqa.selenium.chrome.ChromeDriver.&lt;init&gt;(ChromeDriver.java:123)
	at wikipedia.Framework.Driver.getInstance(Driver.java:14)
	at wikipedia.Framework.BaseTest.initialize(BaseTest.java:22)
	at wikipedia.Framework.BaseTest.LaunchApp(BaseTest.java:15)
</failure>
    <system-out>Configuring TestNG with: org.apache.maven.surefire.testng.conf.TestNG652Configurator@23faf8f2
</system-out>
  </testcase>
  <testcase classname="wikipedia.Test.WikipediaPageTest" name="testWikiSearch" time="0.475">
    <skipped/>
  </testcase>
  <testcase classname="wikipedia.Framework.BaseTest" name="close" time="0.556">
    <failure type="java.lang.NullPointerException">java.lang.NullPointerException
	at wikipedia.Framework.BaseTest.close(BaseTest.java:29)
</failure>
  </testcase>
</testsuite>