<?xml version="1.0" encoding="UTF-8"?>
<!-- Generated by org.testng.reporters.JUnitXMLReporter -->
<testsuite ignored="2" hostname="Akhleshs-MacBook-Air.local" failures="0" tests="1" name="Command line test" time="4.087" errors="0" timestamp="12 Mar 2018 08:25:57 GMT">
  <testcase classname="wikipedia.Test.WikipediaPageTest" name="testWikiSearch" time="4.064"/>
  <testcase classname="wikipedia.Framework.BaseTest" name="@AfterSuite close" time="0.0">
    <ignored/>
  </testcase> <!-- @AfterSuite close -->
  <testcase classname="wikipedia.Framework.BaseTest" name="@BeforeSuite LaunchApp" time="0.0">
    <ignored/>
  </testcase> <!-- @BeforeSuite LaunchApp -->
</testsuite> <!-- Command line test -->
