<?xml version="1.0" encoding="UTF-8"?>
<testng-results ignored="2" total="3" passed="1" failed="0" skipped="0">
  <reporter-output>
  </reporter-output>
  <suite started-at="2018-03-12T08:25:53Z" name="Command line suite" finished-at="2018-03-12T08:25:57Z" duration-ms="4087">
    <groups>
    </groups>
    <test started-at="2018-03-12T08:25:53Z" name="Command line test" finished-at="2018-03-12T08:25:57Z" duration-ms="4087">
      <class name="wikipedia.Test.WikipediaPageTest">
        <test-method signature="testWikiSearch()[pri:0, instance:wikipedia.Test.WikipediaPageTest@3aefe5e5]" started-at="2018-03-12T08:25:53Z" name="testWikiSearch" finished-at="2018-03-12T08:25:57Z" duration-ms="4064" status="PASS">
          <reporter-output>
          </reporter-output>
        </test-method> <!-- testWikiSearch -->
      </class> <!-- wikipedia.Test.WikipediaPageTest -->
      <class name="wikipedia.Framework.BaseTest">
        <test-method is-config="true" signature="LaunchApp()[pri:0, instance:wikipedia.Framework.BaseTest@3eb7fc54]" started-at="2018-03-12T08:25:50Z" name="LaunchApp" finished-at="2018-03-12T08:25:53Z" duration-ms="3175" status="PASS">
          <reporter-output>
          </reporter-output>
        </test-method> <!-- LaunchApp -->
        <test-method is-config="true" signature="close()[pri:0, instance:wikipedia.Framework.BaseTest@3eb7fc54]" started-at="2018-03-12T08:25:57Z" name="close" finished-at="2018-03-12T08:25:57Z" duration-ms="112" status="PASS">
          <reporter-output>
          </reporter-output>
        </test-method> <!-- close -->
      </class> <!-- wikipedia.Framework.BaseTest -->
    </test> <!-- Command line test -->
  </suite> <!-- Command line suite -->
</testng-results>
